[debug] [2021-04-29T04:10:49.212Z] ----------------------------------------------------------------------
[debug] [2021-04-29T04:10:49.214Z] Command:       /Users/masaki/.nodebrew/node/v12.10.0/bin/node /Users/masaki/.nodebrew/current/bin/firebase serve --only functions
[debug] [2021-04-29T04:10:49.215Z] CLI Version:   9.10.0
[debug] [2021-04-29T04:10:49.215Z] Platform:      darwin
[debug] [2021-04-29T04:10:49.215Z] Node Version:  v12.10.0
[debug] [2021-04-29T04:10:49.216Z] Time:          Thu Apr 29 2021 13:10:49 GMT+0900 (GMT+09:00)
[debug] [2021-04-29T04:10:49.216Z] ----------------------------------------------------------------------
[debug] 
[debug] [2021-04-29T04:10:49.228Z] > command requires scopes: ["email","openid","https://www.googleapis.com/auth/cloudplatformprojects.readonly","https://www.googleapis.com/auth/firebase","https://www.googleapis.com/auth/cloud-platform"]
[debug] [2021-04-29T04:10:49.229Z] > authorizing via signed-in user (maa22sa@gmail.com)
[debug] [2021-04-29T04:10:49.229Z] [iam] checking project monicol-service for permissions ["firebase.projects.get"]
[debug] [2021-04-29T04:10:49.231Z] >>> HTTP REQUEST POST https://cloudresourcemanager.googleapis.com/v1/projects/monicol-service:testIamPermissions  
 {"permissions":["firebase.projects.get"]}
[debug] [2021-04-29T04:10:50.019Z] <<< HTTP RESPONSE 200 {"content-type":"application/json; charset=UTF-8","vary":"X-Origin, Referer, Origin,Accept-Encoding","date":"Thu, 29 Apr 2021 04:10:49 GMT","server":"ESF","cache-control":"private","x-xss-protection":"0","x-frame-options":"SAMEORIGIN","x-content-type-options":"nosniff","server-timing":"gfet4t7; dur=596","alt-svc":"h3-29=\":443\"; ma=2592000,h3-T051=\":443\"; ma=2592000,h3-Q050=\":443\"; ma=2592000,h3-Q046=\":443\"; ma=2592000,h3-Q043=\":443\"; ma=2592000,quic=\":443\"; ma=2592000; v=\"46,43\"","accept-ranges":"none","transfer-encoding":"chunked"}
[debug] [2021-04-29T04:10:50.022Z] > refreshing access token with scopes: []
[debug] [2021-04-29T04:10:50.022Z] >>> HTTP REQUEST POST https://www.googleapis.com/oauth2/v3/token  
 <request body omitted>
[debug] [2021-04-29T04:10:50.172Z] <<< HTTP RESPONSE 200 {"pragma":"no-cache","expires":"Mon, 01 Jan 1990 00:00:00 GMT","cache-control":"no-cache, no-store, max-age=0, must-revalidate","date":"Thu, 29 Apr 2021 04:10:50 GMT","content-type":"application/json; charset=utf-8","vary":"X-Origin, Referer, Origin,Accept-Encoding","server":"scaffolding on HTTPServer2","x-xss-protection":"0","x-frame-options":"SAMEORIGIN","x-content-type-options":"nosniff","alt-svc":"h3-29=\":443\"; ma=2592000,h3-T051=\":443\"; ma=2592000,h3-Q050=\":443\"; ma=2592000,h3-Q046=\":443\"; ma=2592000,h3-Q043=\":443\"; ma=2592000,quic=\":443\"; ma=2592000; v=\"46,43\"","accept-ranges":"none","transfer-encoding":"chunked"}
[debug] [2021-04-29T04:10:50.248Z] >>> [apiv2][query] GET https://firebase.googleapis.com/v1beta1/projects/monicol-service [none]
[debug] [2021-04-29T04:10:50.893Z] <<< [apiv2][status] GET https://firebase.googleapis.com/v1beta1/projects/monicol-service 200
[debug] [2021-04-29T04:10:50.893Z] <<< [apiv2][body] GET https://firebase.googleapis.com/v1beta1/projects/monicol-service {"projectId":"monicol-service","projectNumber":"1098424784429","displayName":"Monicol-service","name":"projects/monicol-service","resources":{"hostingSite":"monicol-service","storageBucket":"monicol-service.appspot.com","locationId":"asia-northeast1"},"state":"ACTIVE"}
[info] ✔  functions: Using node@12 from host. {"metadata":{"emulator":{"name":"functions"},"message":"Using node@12 from host."}}
[debug] [2021-04-29T04:10:50.911Z] defaultcredentials: writing to file /Users/masaki/.config/firebase/maa22sa_gmail_com_application_default_credentials.json
[debug] [2021-04-29T04:10:50.915Z] Setting GAC to /Users/masaki/.config/firebase/maa22sa_gmail_com_application_default_credentials.json {"metadata":{"emulator":{"name":"functions"},"message":"Setting GAC to /Users/masaki/.config/firebase/maa22sa_gmail_com_application_default_credentials.json"}}
[debug] [2021-04-29T04:10:50.915Z] >>> [apiv2][query] GET https://firebase.googleapis.com/v1beta1/projects/monicol-service/adminSdkConfig [none]
[debug] [2021-04-29T04:10:51.793Z] <<< [apiv2][status] GET https://firebase.googleapis.com/v1beta1/projects/monicol-service/adminSdkConfig 200
[debug] [2021-04-29T04:10:51.793Z] <<< [apiv2][body] GET https://firebase.googleapis.com/v1beta1/projects/monicol-service/adminSdkConfig {"projectId":"monicol-service","storageBucket":"monicol-service.appspot.com","locationId":"asia-northeast1"}
[info] i  functions: Watching "/Users/masaki/Documents/developing/firebase/monicol/functions" for Cloud Functions... {"metadata":{"emulator":{"name":"functions"},"message":"Watching \"/Users/masaki/Documents/developing/firebase/monicol/functions\" for Cloud Functions..."}}
[debug] [2021-04-29T04:10:51.842Z] [worker-pool] addWorker(~diagnostic~) {"metadata":{"emulator":{"name":"functions"},"message":"[worker-pool] addWorker(~diagnostic~)"}}
[debug] [2021-04-29T04:10:51.842Z] [worker-pool] Adding worker with key ~diagnostic~, total=1 {"metadata":{"emulator":{"name":"functions"},"message":"[worker-pool] Adding worker with key ~diagnostic~, total=1"}}
[debug] [2021-04-29T04:10:51.842Z] [worker-pool] submitWork(triggerId=) {"metadata":{"emulator":{"name":"functions"},"message":"[worker-pool] submitWork(triggerId=)"}}
[debug] [2021-04-29T04:10:51.843Z] [worker-~diagnostic~-973aad40-6d96-4b9f-bcb6-53b32af6e445]: Assigning socketPath: /var/folders/8c/n3yzp_5d0l156vv56tql2l9r0000gn/T/fire_emu_13038.sock {"metadata":{"emulator":{"name":"functions"},"message":"[worker-~diagnostic~-973aad40-6d96-4b9f-bcb6-53b32af6e445]: Assigning socketPath: /var/folders/8c/n3yzp_5d0l156vv56tql2l9r0000gn/T/fire_emu_13038.sock"}}
[debug] [2021-04-29T04:10:51.843Z] [worker-~diagnostic~-973aad40-6d96-4b9f-bcb6-53b32af6e445]: BUSY {"metadata":{"emulator":{"name":"functions"},"message":"[worker-~diagnostic~-973aad40-6d96-4b9f-bcb6-53b32af6e445]: BUSY"}}
[debug] [2021-04-29T04:10:51.975Z] [runtime-status] [13038] Functions runtime initialized. {"cwd":"/Users/masaki/Documents/developing/firebase/monicol/functions","node_version":"12.10.0"} {"metadata":{"emulator":{"name":"functions"},"message":"[runtime-status] [13038] Functions runtime initialized. {\"cwd\":\"/Users/masaki/Documents/developing/firebase/monicol/functions\",\"node_version\":\"12.10.0\"}"}}
[debug] [2021-04-29T04:10:51.975Z] [runtime-status] [13038] Disabled runtime features: undefined {"metadata":{"emulator":{"name":"functions"},"message":"[runtime-status] [13038] Disabled runtime features: undefined"}}
[debug] [2021-04-29T04:10:51.979Z] [runtime-status] [13038] Resolved module firebase-admin {"declared":true,"installed":true,"version":"9.7.0","resolution":"/Users/masaki/Documents/developing/firebase/monicol/functions/node_modules/firebase-admin/lib/index.js"} {"metadata":{"emulator":{"name":"functions"},"message":"[runtime-status] [13038] Resolved module firebase-admin {\"declared\":true,\"installed\":true,\"version\":\"9.7.0\",\"resolution\":\"/Users/masaki/Documents/developing/firebase/monicol/functions/node_modules/firebase-admin/lib/index.js\"}"}}
[debug] [2021-04-29T04:10:51.980Z] [runtime-status] [13038] Resolved module firebase-functions {"declared":true,"installed":true,"version":"3.13.2","resolution":"/Users/masaki/Documents/developing/firebase/monicol/functions/node_modules/firebase-functions/lib/index.js"} {"metadata":{"emulator":{"name":"functions"},"message":"[runtime-status] [13038] Resolved module firebase-functions {\"declared\":true,\"installed\":true,\"version\":\"3.13.2\",\"resolution\":\"/Users/masaki/Documents/developing/firebase/monicol/functions/node_modules/firebase-functions/lib/index.js\"}"}}
[debug] [2021-04-29T04:10:51.981Z] [runtime-status] [13038] Resolved module firebase-functions {"declared":true,"installed":true,"version":"3.13.2","resolution":"/Users/masaki/Documents/developing/firebase/monicol/functions/node_modules/firebase-functions/lib/index.js"} {"metadata":{"emulator":{"name":"functions"},"message":"[runtime-status] [13038] Resolved module firebase-functions {\"declared\":true,\"installed\":true,\"version\":\"3.13.2\",\"resolution\":\"/Users/masaki/Documents/developing/firebase/monicol/functions/node_modules/firebase-functions/lib/index.js\"}"}}
[debug] [2021-04-29T04:10:51.982Z] [runtime-status] [13038] Outgoing network have been stubbed. [{"name":"http","status":"mocked"},{"name":"http","status":"mocked"},{"name":"https","status":"mocked"},{"name":"https","status":"mocked"},{"name":"net","status":"mocked"}] {"metadata":{"emulator":{"name":"functions"},"message":"[runtime-status] [13038] Outgoing network have been stubbed. [{\"name\":\"http\",\"status\":\"mocked\"},{\"name\":\"http\",\"status\":\"mocked\"},{\"name\":\"https\",\"status\":\"mocked\"},{\"name\":\"https\",\"status\":\"mocked\"},{\"name\":\"net\",\"status\":\"mocked\"}]"}}
[debug] [2021-04-29T04:10:51.982Z] [runtime-status] [13038] Resolved module firebase-functions {"declared":true,"installed":true,"version":"3.13.2","resolution":"/Users/masaki/Documents/developing/firebase/monicol/functions/node_modules/firebase-functions/lib/index.js"} {"metadata":{"emulator":{"name":"functions"},"message":"[runtime-status] [13038] Resolved module firebase-functions {\"declared\":true,\"installed\":true,\"version\":\"3.13.2\",\"resolution\":\"/Users/masaki/Documents/developing/firebase/monicol/functions/node_modules/firebase-functions/lib/index.js\"}"}}
[debug] [2021-04-29T04:10:52.043Z] [runtime-status] [13038] Checked functions.config() {"config":{}} {"metadata":{"emulator":{"name":"functions"},"message":"[runtime-status] [13038] Checked functions.config() {\"config\":{}}"}}
[debug] [2021-04-29T04:10:52.043Z] [runtime-status] [13038] firebase-functions has been stubbed. {"functionsResolution":{"declared":true,"installed":true,"version":"3.13.2","resolution":"/Users/masaki/Documents/developing/firebase/monicol/functions/node_modules/firebase-functions/lib/index.js"}} {"metadata":{"emulator":{"name":"functions"},"message":"[runtime-status] [13038] firebase-functions has been stubbed. {\"functionsResolution\":{\"declared\":true,\"installed\":true,\"version\":\"3.13.2\",\"resolution\":\"/Users/masaki/Documents/developing/firebase/monicol/functions/node_modules/firebase-functions/lib/index.js\"}}"}}
[debug] [2021-04-29T04:10:52.044Z] [runtime-status] [13038] Resolved module firebase-functions {"declared":true,"installed":true,"version":"3.13.2","resolution":"/Users/masaki/Documents/developing/firebase/monicol/functions/node_modules/firebase-functions/lib/index.js"} {"metadata":{"emulator":{"name":"functions"},"message":"[runtime-status] [13038] Resolved module firebase-functions {\"declared\":true,\"installed\":true,\"version\":\"3.13.2\",\"resolution\":\"/Users/masaki/Documents/developing/firebase/monicol/functions/node_modules/firebase-functions/lib/index.js\"}"}}
[debug] [2021-04-29T04:10:52.044Z] [runtime-status] [13038] Resolved module firebase-admin {"declared":true,"installed":true,"version":"9.7.0","resolution":"/Users/masaki/Documents/developing/firebase/monicol/functions/node_modules/firebase-admin/lib/index.js"} {"metadata":{"emulator":{"name":"functions"},"message":"[runtime-status] [13038] Resolved module firebase-admin {\"declared\":true,\"installed\":true,\"version\":\"9.7.0\",\"resolution\":\"/Users/masaki/Documents/developing/firebase/monicol/functions/node_modules/firebase-admin/lib/index.js\"}"}}
[debug] [2021-04-29T04:10:52.045Z] [runtime-status] [13038] Resolved module firebase-functions {"declared":true,"installed":true,"version":"3.13.2","resolution":"/Users/masaki/Documents/developing/firebase/monicol/functions/node_modules/firebase-functions/lib/index.js"} {"metadata":{"emulator":{"name":"functions"},"message":"[runtime-status] [13038] Resolved module firebase-functions {\"declared\":true,\"installed\":true,\"version\":\"3.13.2\",\"resolution\":\"/Users/masaki/Documents/developing/firebase/monicol/functions/node_modules/firebase-functions/lib/index.js\"}"}}
[debug] [2021-04-29T04:10:52.045Z] [runtime-status] [13038] firebase-admin has been stubbed. {"adminResolution":{"declared":true,"installed":true,"version":"9.7.0","resolution":"/Users/masaki/Documents/developing/firebase/monicol/functions/node_modules/firebase-admin/lib/index.js"}} {"metadata":{"emulator":{"name":"functions"},"message":"[runtime-status] [13038] firebase-admin has been stubbed. {\"adminResolution\":{\"declared\":true,\"installed\":true,\"version\":\"9.7.0\",\"resolution\":\"/Users/masaki/Documents/developing/firebase/monicol/functions/node_modules/firebase-admin/lib/index.js\"}}"}}
[info] ✔  functions[helloWorld]: http function initialized (http://localhost:5000/monicol-service/us-central1/helloWorld). {"metadata":{"emulator":{"name":"functions"},"message":"\u001b[1mhttp\u001b[22m function initialized (http://localhost:5000/monicol-service/us-central1/helloWorld)."}}
[debug] [2021-04-29T04:10:52.049Z] [worker-~diagnostic~-973aad40-6d96-4b9f-bcb6-53b32af6e445]: IDLE {"metadata":{"emulator":{"name":"functions"},"message":"[worker-~diagnostic~-973aad40-6d96-4b9f-bcb6-53b32af6e445]: IDLE"}}
[debug] [2021-04-29T04:10:59.612Z] [work-queue] {"queueLength":1,"workRunningCount":0}
[debug] [2021-04-29T04:10:59.613Z] [work-queue] {"queueLength":0,"workRunningCount":1}
[debug] [2021-04-29T04:10:59.613Z] Accepted request GET /monicol-service/us-central1/helloWorld --> helloWorld
[debug] [2021-04-29T04:10:59.627Z] [worker-pool] addWorker(helloWorld) {"metadata":{"emulator":{"name":"functions"},"message":"[worker-pool] addWorker(helloWorld)"}}
[debug] [2021-04-29T04:10:59.628Z] [worker-pool] Adding worker with key helloWorld, total=1 {"metadata":{"emulator":{"name":"functions"},"message":"[worker-pool] Adding worker with key helloWorld, total=1"}}
[debug] [2021-04-29T04:10:59.628Z] [worker-pool] submitWork(triggerId=helloWorld) {"metadata":{"emulator":{"name":"functions"},"message":"[worker-pool] submitWork(triggerId=helloWorld)"}}
[debug] [2021-04-29T04:10:59.628Z] [worker-helloWorld-2836af9f-9031-4a0f-967b-8b94870a8f3f]: Assigning socketPath: /var/folders/8c/n3yzp_5d0l156vv56tql2l9r0000gn/T/fire_emu_13045.sock {"metadata":{"emulator":{"name":"functions"},"message":"[worker-helloWorld-2836af9f-9031-4a0f-967b-8b94870a8f3f]: Assigning socketPath: /var/folders/8c/n3yzp_5d0l156vv56tql2l9r0000gn/T/fire_emu_13045.sock"}}
[debug] [2021-04-29T04:10:59.629Z] [worker-helloWorld-2836af9f-9031-4a0f-967b-8b94870a8f3f]: BUSY {"metadata":{"emulator":{"name":"functions"},"message":"[worker-helloWorld-2836af9f-9031-4a0f-967b-8b94870a8f3f]: BUSY"}}
[debug] [2021-04-29T04:10:59.790Z] [runtime-status] [13045] Functions runtime initialized. {"cwd":"/Users/masaki/Documents/developing/firebase/monicol/functions","node_version":"12.10.0"} {"metadata":{"emulator":{"name":"functions"},"function":{"name":"helloWorld"},"message":"[runtime-status] [13045] Functions runtime initialized. {\"cwd\":\"/Users/masaki/Documents/developing/firebase/monicol/functions\",\"node_version\":\"12.10.0\"}"}}
[debug] [2021-04-29T04:10:59.791Z] [runtime-status] [13045] Disabled runtime features: undefined {"metadata":{"emulator":{"name":"functions"},"function":{"name":"helloWorld"},"message":"[runtime-status] [13045] Disabled runtime features: undefined"}}
[debug] [2021-04-29T04:10:59.794Z] [runtime-status] [13045] Resolved module firebase-admin {"declared":true,"installed":true,"version":"9.7.0","resolution":"/Users/masaki/Documents/developing/firebase/monicol/functions/node_modules/firebase-admin/lib/index.js"} {"metadata":{"emulator":{"name":"functions"},"function":{"name":"helloWorld"},"message":"[runtime-status] [13045] Resolved module firebase-admin {\"declared\":true,\"installed\":true,\"version\":\"9.7.0\",\"resolution\":\"/Users/masaki/Documents/developing/firebase/monicol/functions/node_modules/firebase-admin/lib/index.js\"}"}}
[debug] [2021-04-29T04:10:59.795Z] [runtime-status] [13045] Resolved module firebase-functions {"declared":true,"installed":true,"version":"3.13.2","resolution":"/Users/masaki/Documents/developing/firebase/monicol/functions/node_modules/firebase-functions/lib/index.js"} {"metadata":{"emulator":{"name":"functions"},"function":{"name":"helloWorld"},"message":"[runtime-status] [13045] Resolved module firebase-functions {\"declared\":true,\"installed\":true,\"version\":\"3.13.2\",\"resolution\":\"/Users/masaki/Documents/developing/firebase/monicol/functions/node_modules/firebase-functions/lib/index.js\"}"}}
[debug] [2021-04-29T04:10:59.795Z] [runtime-status] [13045] Resolved module firebase-functions {"declared":true,"installed":true,"version":"3.13.2","resolution":"/Users/masaki/Documents/developing/firebase/monicol/functions/node_modules/firebase-functions/lib/index.js"} {"metadata":{"emulator":{"name":"functions"},"function":{"name":"helloWorld"},"message":"[runtime-status] [13045] Resolved module firebase-functions {\"declared\":true,\"installed\":true,\"version\":\"3.13.2\",\"resolution\":\"/Users/masaki/Documents/developing/firebase/monicol/functions/node_modules/firebase-functions/lib/index.js\"}"}}
[debug] [2021-04-29T04:10:59.797Z] [runtime-status] [13045] Outgoing network have been stubbed. [{"name":"http","status":"mocked"},{"name":"http","status":"mocked"},{"name":"https","status":"mocked"},{"name":"https","status":"mocked"},{"name":"net","status":"mocked"}] {"metadata":{"emulator":{"name":"functions"},"function":{"name":"helloWorld"},"message":"[runtime-status] [13045] Outgoing network have been stubbed. [{\"name\":\"http\",\"status\":\"mocked\"},{\"name\":\"http\",\"status\":\"mocked\"},{\"name\":\"https\",\"status\":\"mocked\"},{\"name\":\"https\",\"status\":\"mocked\"},{\"name\":\"net\",\"status\":\"mocked\"}]"}}
[debug] [2021-04-29T04:10:59.797Z] [runtime-status] [13045] Resolved module firebase-functions {"declared":true,"installed":true,"version":"3.13.2","resolution":"/Users/masaki/Documents/developing/firebase/monicol/functions/node_modules/firebase-functions/lib/index.js"} {"metadata":{"emulator":{"name":"functions"},"function":{"name":"helloWorld"},"message":"[runtime-status] [13045] Resolved module firebase-functions {\"declared\":true,\"installed\":true,\"version\":\"3.13.2\",\"resolution\":\"/Users/masaki/Documents/developing/firebase/monicol/functions/node_modules/firebase-functions/lib/index.js\"}"}}
[debug] [2021-04-29T04:10:59.840Z] [runtime-status] [13045] Checked functions.config() {"config":{}} {"metadata":{"emulator":{"name":"functions"},"function":{"name":"helloWorld"},"message":"[runtime-status] [13045] Checked functions.config() {\"config\":{}}"}}
[debug] [2021-04-29T04:10:59.841Z] [runtime-status] [13045] firebase-functions has been stubbed. {"functionsResolution":{"declared":true,"installed":true,"version":"3.13.2","resolution":"/Users/masaki/Documents/developing/firebase/monicol/functions/node_modules/firebase-functions/lib/index.js"}} {"metadata":{"emulator":{"name":"functions"},"function":{"name":"helloWorld"},"message":"[runtime-status] [13045] firebase-functions has been stubbed. {\"functionsResolution\":{\"declared\":true,\"installed\":true,\"version\":\"3.13.2\",\"resolution\":\"/Users/masaki/Documents/developing/firebase/monicol/functions/node_modules/firebase-functions/lib/index.js\"}}"}}
[debug] [2021-04-29T04:10:59.841Z] [runtime-status] [13045] Resolved module firebase-functions {"declared":true,"installed":true,"version":"3.13.2","resolution":"/Users/masaki/Documents/developing/firebase/monicol/functions/node_modules/firebase-functions/lib/index.js"} {"metadata":{"emulator":{"name":"functions"},"function":{"name":"helloWorld"},"message":"[runtime-status] [13045] Resolved module firebase-functions {\"declared\":true,\"installed\":true,\"version\":\"3.13.2\",\"resolution\":\"/Users/masaki/Documents/developing/firebase/monicol/functions/node_modules/firebase-functions/lib/index.js\"}"}}
[debug] [2021-04-29T04:10:59.841Z] [runtime-status] [13045] Resolved module firebase-admin {"declared":true,"installed":true,"version":"9.7.0","resolution":"/Users/masaki/Documents/developing/firebase/monicol/functions/node_modules/firebase-admin/lib/index.js"} {"metadata":{"emulator":{"name":"functions"},"function":{"name":"helloWorld"},"message":"[runtime-status] [13045] Resolved module firebase-admin {\"declared\":true,\"installed\":true,\"version\":\"9.7.0\",\"resolution\":\"/Users/masaki/Documents/developing/firebase/monicol/functions/node_modules/firebase-admin/lib/index.js\"}"}}
[debug] [2021-04-29T04:10:59.842Z] [runtime-status] [13045] Resolved module firebase-functions {"declared":true,"installed":true,"version":"3.13.2","resolution":"/Users/masaki/Documents/developing/firebase/monicol/functions/node_modules/firebase-functions/lib/index.js"} {"metadata":{"emulator":{"name":"functions"},"function":{"name":"helloWorld"},"message":"[runtime-status] [13045] Resolved module firebase-functions {\"declared\":true,\"installed\":true,\"version\":\"3.13.2\",\"resolution\":\"/Users/masaki/Documents/developing/firebase/monicol/functions/node_modules/firebase-functions/lib/index.js\"}"}}
[debug] [2021-04-29T04:10:59.842Z] [runtime-status] [13045] firebase-admin has been stubbed. {"adminResolution":{"declared":true,"installed":true,"version":"9.7.0","resolution":"/Users/masaki/Documents/developing/firebase/monicol/functions/node_modules/firebase-admin/lib/index.js"}} {"metadata":{"emulator":{"name":"functions"},"function":{"name":"helloWorld"},"message":"[runtime-status] [13045] firebase-admin has been stubbed. {\"adminResolution\":{\"declared\":true,\"installed\":true,\"version\":\"9.7.0\",\"resolution\":\"/Users/masaki/Documents/developing/firebase/monicol/functions/node_modules/firebase-admin/lib/index.js\"}}"}}
[debug] [2021-04-29T04:10:59.847Z] [runtime-status] [13045] Trigger "helloWorld" has been found, beginning invocation! {"metadata":{"emulator":{"name":"functions"},"function":{"name":"helloWorld"},"message":"[runtime-status] [13045] Trigger \"helloWorld\" has been found, beginning invocation!"}}
[info] i  functions: Beginning execution of "helloWorld" {"metadata":{"emulator":{"name":"functions"},"function":{"name":"helloWorld"},"message":"Beginning execution of \"helloWorld\""}}
[debug] [2021-04-29T04:10:59.848Z] [runtime-status] [13045] triggerDefinition {"httpsTrigger":{},"name":"helloWorld","entryPoint":"helloWorld"} {"metadata":{"emulator":{"name":"functions"},"function":{"name":"helloWorld"},"message":"[runtime-status] [13045] triggerDefinition {\"httpsTrigger\":{},\"name\":\"helloWorld\",\"entryPoint\":\"helloWorld\"}"}}
[debug] [2021-04-29T04:10:59.848Z] [runtime-status] [13045] Running helloWorld in mode HTTPS {"metadata":{"emulator":{"name":"functions"},"function":{"name":"helloWorld"},"message":"[runtime-status] [13045] Running helloWorld in mode HTTPS"}}
[debug] [2021-04-29T04:10:59.859Z] [runtime-status] [13045] Attempting to listen to socketPath: /var/folders/8c/n3yzp_5d0l156vv56tql2l9r0000gn/T/fire_emu_13045.sock {"metadata":{"emulator":{"name":"functions"},"function":{"name":"helloWorld"},"message":"[runtime-status] [13045] Attempting to listen to socketPath: /var/folders/8c/n3yzp_5d0l156vv56tql2l9r0000gn/T/fire_emu_13045.sock"}}
[debug] [2021-04-29T04:10:59.864Z] [functions] Runtime ready! Sending request! {"metadata":{"emulator":{"name":"functions"},"message":"[functions] Runtime ready! Sending request!"}}
[debug] [2021-04-29T04:10:59.865Z] [functions] Got req.url=/monicol-service/us-central1/helloWorld, mapping to path=/ {"metadata":{"emulator":{"name":"functions"},"message":"[functions] Got req.url=/monicol-service/us-central1/helloWorld, mapping to path=/"}}
[debug] [2021-04-29T04:10:59.872Z] [runtime-status] [13045] Ephemeral server handling GET request {"metadata":{"emulator":{"name":"functions"},"function":{"name":"helloWorld"},"message":"[runtime-status] [13045] Ephemeral server handling GET request"}}
[info] >  {"structuredData":true,"severity":"INFO","message":"Hello logs!"} {"user":{"structuredData":true,"severity":"INFO","message":"Hello logs!"},"metadata":{"emulator":{"name":"functions"},"function":{"name":"helloWorld"},"message":"\u001b[90m> \u001b[39m {\"structuredData\":true,\"severity\":\"INFO\",\"message\":\"Hello logs!\"}"}}
[debug] [2021-04-29T04:10:59.878Z] [runtime-status] [13045] Ephemeral server survived. {"metadata":{"emulator":{"name":"functions"},"function":{"name":"helloWorld"},"message":"[runtime-status] [13045] Ephemeral server survived."}}
[info] i  functions: Finished "helloWorld" in ~1s {"metadata":{"emulator":{"name":"functions"},"function":{"name":"helloWorld"},"message":"Finished \"helloWorld\" in ~1s"}}
[debug] [2021-04-29T04:10:59.880Z] [worker-helloWorld-2836af9f-9031-4a0f-967b-8b94870a8f3f]: IDLE {"metadata":{"emulator":{"name":"functions"},"message":"[worker-helloWorld-2836af9f-9031-4a0f-967b-8b94870a8f3f]: IDLE"}}
[debug] [2021-04-29T04:10:59.880Z] [work-queue] {"queueLength":0,"workRunningCount":0}
[debug] [2021-04-29T04:11:00.071Z] Functions emulator received unknown request at path /favicon.ico
[debug] [2021-04-29T04:11:08.177Z] [work-queue] {"queueLength":1,"workRunningCount":0}
[debug] [2021-04-29T04:11:08.177Z] [work-queue] {"queueLength":0,"workRunningCount":1}
[debug] [2021-04-29T04:11:08.177Z] Accepted request GET /monicol-service/us-central1/helloWorld --> helloWorld
[debug] [2021-04-29T04:11:08.177Z] [worker-pool] submitWork(triggerId=helloWorld) {"metadata":{"emulator":{"name":"functions"},"message":"[worker-pool] submitWork(triggerId=helloWorld)"}}
[debug] [2021-04-29T04:11:08.177Z] [worker-helloWorld-2836af9f-9031-4a0f-967b-8b94870a8f3f]: Assigning socketPath: /var/folders/8c/n3yzp_5d0l156vv56tql2l9r0000gn/T/fire_emu_13045.sock {"metadata":{"emulator":{"name":"functions"},"message":"[worker-helloWorld-2836af9f-9031-4a0f-967b-8b94870a8f3f]: Assigning socketPath: /var/folders/8c/n3yzp_5d0l156vv56tql2l9r0000gn/T/fire_emu_13045.sock"}}
[debug] [2021-04-29T04:11:08.177Z] [worker-helloWorld-2836af9f-9031-4a0f-967b-8b94870a8f3f]: BUSY {"metadata":{"emulator":{"name":"functions"},"message":"[worker-helloWorld-2836af9f-9031-4a0f-967b-8b94870a8f3f]: BUSY"}}
[debug] [2021-04-29T04:11:08.178Z] [runtime-status] [13045] Trigger "helloWorld" has been found, beginning invocation! {"metadata":{"emulator":{"name":"functions"},"function":{"name":"helloWorld"},"message":"[runtime-status] [13045] Trigger \"helloWorld\" has been found, beginning invocation!"}}
[info] i  functions: Beginning execution of "helloWorld" {"metadata":{"emulator":{"name":"functions"},"function":{"name":"helloWorld"},"message":"Beginning execution of \"helloWorld\""}}
[debug] [2021-04-29T04:11:08.179Z] [runtime-status] [13045] triggerDefinition {"httpsTrigger":{},"name":"helloWorld","entryPoint":"helloWorld"} {"metadata":{"emulator":{"name":"functions"},"function":{"name":"helloWorld"},"message":"[runtime-status] [13045] triggerDefinition {\"httpsTrigger\":{},\"name\":\"helloWorld\",\"entryPoint\":\"helloWorld\"}"}}
[debug] [2021-04-29T04:11:08.179Z] [runtime-status] [13045] Running helloWorld in mode HTTPS {"metadata":{"emulator":{"name":"functions"},"function":{"name":"helloWorld"},"message":"[runtime-status] [13045] Running helloWorld in mode HTTPS"}}
[debug] [2021-04-29T04:11:08.179Z] [runtime-status] [13045] Attempting to listen to socketPath: /var/folders/8c/n3yzp_5d0l156vv56tql2l9r0000gn/T/fire_emu_13045.sock {"metadata":{"emulator":{"name":"functions"},"function":{"name":"helloWorld"},"message":"[runtime-status] [13045] Attempting to listen to socketPath: /var/folders/8c/n3yzp_5d0l156vv56tql2l9r0000gn/T/fire_emu_13045.sock"}}
[debug] [2021-04-29T04:11:08.181Z] [functions] Runtime ready! Sending request! {"metadata":{"emulator":{"name":"functions"},"message":"[functions] Runtime ready! Sending request!"}}
[debug] [2021-04-29T04:11:08.181Z] [functions] Got req.url=/monicol-service/us-central1/helloWorld, mapping to path=/ {"metadata":{"emulator":{"name":"functions"},"message":"[functions] Got req.url=/monicol-service/us-central1/helloWorld, mapping to path=/"}}
[debug] [2021-04-29T04:11:08.183Z] [runtime-status] [13045] Ephemeral server handling GET request {"metadata":{"emulator":{"name":"functions"},"function":{"name":"helloWorld"},"message":"[runtime-status] [13045] Ephemeral server handling GET request"}}
[info] >  {"structuredData":true,"severity":"INFO","message":"Hello logs!"} {"user":{"structuredData":true,"severity":"INFO","message":"Hello logs!"},"metadata":{"emulator":{"name":"functions"},"function":{"name":"helloWorld"},"message":"\u001b[90m> \u001b[39m {\"structuredData\":true,\"severity\":\"INFO\",\"message\":\"Hello logs!\"}"}}
[debug] [2021-04-29T04:11:08.185Z] [runtime-status] [13045] Ephemeral server survived. {"metadata":{"emulator":{"name":"functions"},"function":{"name":"helloWorld"},"message":"[runtime-status] [13045] Ephemeral server survived."}}
[info] i  functions: Finished "helloWorld" in ~1s {"metadata":{"emulator":{"name":"functions"},"function":{"name":"helloWorld"},"message":"Finished \"helloWorld\" in ~1s"}}
[debug] [2021-04-29T04:11:08.185Z] [worker-helloWorld-2836af9f-9031-4a0f-967b-8b94870a8f3f]: IDLE {"metadata":{"emulator":{"name":"functions"},"message":"[worker-helloWorld-2836af9f-9031-4a0f-967b-8b94870a8f3f]: IDLE"}}
[debug] [2021-04-29T04:11:08.185Z] [work-queue] {"queueLength":0,"workRunningCount":0}
